[2023-04-17 16:15:01] [core-api] [logger-provider] error: SqliteError: NOT NULL constraint failed: temporary_user.password - (QueryFailedError) [file:  BetterSqlite3QueryRunner.query (/home/marco/PROJECTS/Private/WorkoutApp/packages/workout-server/src/driver/better-sqlite3/BetterSqlite3QueryRunner.ts:131:19)]
[2023-04-17 16:15:27] [core-api] [logger-provider] error: SqliteError: NOT NULL constraint failed: temporary_user.password - (QueryFailedError) [file:  BetterSqlite3QueryRunner.query (/home/marco/PROJECTS/Private/WorkoutApp/packages/workout-server/src/driver/better-sqlite3/BetterSqlite3QueryRunner.ts:131:19)]
[2023-04-17 16:15:59] [core-api] [logger-provider] error: SqliteError: NOT NULL constraint failed: temporary_user.password - (QueryFailedError) [file:  BetterSqlite3QueryRunner.query (/home/marco/PROJECTS/Private/WorkoutApp/packages/workout-server/src/driver/better-sqlite3/BetterSqlite3QueryRunner.ts:131:19)]
[2023-04-17 16:16:34] [core-api] [logger-provider] error: Data type "enum" in "User.role" is not supported by "better-sqlite3" database. - (DataTypeNotSupportedError) [file:  /home/marco/PROJECTS/Private/WorkoutApp/packages/workout-server/src/metadata-builder/EntityMetadataValidator.ts:136:31]
[2023-04-17 16:16:45] [core-api] [logger-provider] error: Data type "enum" in "User.role" is not supported by "better-sqlite3" database. - (DataTypeNotSupportedError) [file:  /home/marco/PROJECTS/Private/WorkoutApp/packages/workout-server/src/metadata-builder/EntityMetadataValidator.ts:136:31]
[2023-04-17 16:16:50] [core-api] [logger-provider] error: Data type "enum" in "User.role" is not supported by "better-sqlite3" database. - (DataTypeNotSupportedError) [file:  /home/marco/PROJECTS/Private/WorkoutApp/packages/workout-server/src/metadata-builder/EntityMetadataValidator.ts:136:31]
[2023-04-17 16:17:01] [core-api] [logger-provider] error: Data type "enum" in "User.role" is not supported by "better-sqlite3" database. - (DataTypeNotSupportedError) [file:  /home/marco/PROJECTS/Private/WorkoutApp/packages/workout-server/src/metadata-builder/EntityMetadataValidator.ts:136:31]
[2023-04-17 16:18:59] [core-api] [logger-provider] error: Data type "enum" in "User.role" is not supported by "better-sqlite3" database. - (DataTypeNotSupportedError) [file:  /home/marco/PROJECTS/Private/WorkoutApp/packages/workout-server/src/metadata-builder/EntityMetadataValidator.ts:136:31]
[2023-04-17 16:19:09] [core-api] [logger-provider] error: Data type "enum" in "User.role" is not supported by "better-sqlite3" database. - (DataTypeNotSupportedError) [file:  /home/marco/PROJECTS/Private/WorkoutApp/packages/workout-server/src/metadata-builder/EntityMetadataValidator.ts:136:31]
[2023-04-17 16:25:05] [core-api] [logger-provider] error: Data type "enum" in "User.role" is not supported by "better-sqlite3" database. - (DataTypeNotSupportedError) [file:  /home/marco/PROJECTS/Private/WorkoutApp/packages/workout-server/src/metadata-builder/EntityMetadataValidator.ts:136:31]
[2023-04-17 16:25:30] [core-api] [logger-provider] error: Data type "enum" in "User.role" is not supported by "better-sqlite3" database. - (DataTypeNotSupportedError) [file:  /home/marco/PROJECTS/Private/WorkoutApp/packages/workout-server/src/metadata-builder/EntityMetadataValidator.ts:136:31]
[2023-04-17 16:26:07] [core-api] [logger-provider] error: Data type "enum" in "User.role" is not supported by "better-sqlite3" database. - (DataTypeNotSupportedError) [file:  /home/marco/PROJECTS/Private/WorkoutApp/packages/workout-server/src/metadata-builder/EntityMetadataValidator.ts:136:31]
[2023-04-17 16:26:22] [core-api] [logger-provider] error: Data type "enum" in "User.role" is not supported by "better-sqlite3" database. - (DataTypeNotSupportedError) [file:  /home/marco/PROJECTS/Private/WorkoutApp/packages/workout-server/src/metadata-builder/EntityMetadataValidator.ts:136:31]
[2023-04-17 16:26:30] [core-api] [logger-provider] error: Data type "enum" in "User.role" is not supported by "better-sqlite3" database. - (DataTypeNotSupportedError) [file:  /home/marco/PROJECTS/Private/WorkoutApp/packages/workout-server/src/metadata-builder/EntityMetadataValidator.ts:136:31]
[2023-04-17 16:26:33] [core-api] [logger-provider] error: Data type "enum" in "User.role" is not supported by "better-sqlite3" database. - (DataTypeNotSupportedError) [file:  /home/marco/PROJECTS/Private/WorkoutApp/packages/workout-server/src/metadata-builder/EntityMetadataValidator.ts:136:31]
[2023-04-17 16:26:52] [core-api] [logger-provider] error: Data type "enum" in "User.role" is not supported by "better-sqlite3" database. - (DataTypeNotSupportedError) [file:  /home/marco/PROJECTS/Private/WorkoutApp/packages/workout-server/src/metadata-builder/EntityMetadataValidator.ts:136:31]
[2023-04-17 16:26:55] [core-api] [logger-provider] error: Data type "enum" in "User.role" is not supported by "better-sqlite3" database. - (DataTypeNotSupportedError) [file:  /home/marco/PROJECTS/Private/WorkoutApp/packages/workout-server/src/metadata-builder/EntityMetadataValidator.ts:136:31]
[2023-04-17 16:26:56] [core-api] [logger-provider] error: Data type "enum" in "User.role" is not supported by "better-sqlite3" database. - (DataTypeNotSupportedError) [file:  /home/marco/PROJECTS/Private/WorkoutApp/packages/workout-server/src/metadata-builder/EntityMetadataValidator.ts:136:31]
[2023-04-17 16:27:02] [core-api] [logger-provider] error: Data type "enum" in "User.role" is not supported by "better-sqlite3" database. - (DataTypeNotSupportedError) [file:  /home/marco/PROJECTS/Private/WorkoutApp/packages/workout-server/src/metadata-builder/EntityMetadataValidator.ts:136:31]
[2023-04-17 16:37:32] [core-api] [logger-provider] error: Data type "enum" in "User.role" is not supported by "better-sqlite3" database. - (DataTypeNotSupportedError) [file:  /home/marco/PROJECTS/Private/WorkoutApp/packages/workout-server/src/metadata-builder/EntityMetadataValidator.ts:136:31]
[2023-04-17 16:44:09] [core-api] [logger-provider] error: Data type "enum" in "User.role" is not supported by "better-sqlite3" database. - (DataTypeNotSupportedError) [file:  /home/marco/PROJECTS/Private/WorkoutApp/packages/workout-server/src/metadata-builder/EntityMetadataValidator.ts:136:31]
[2023-04-17 16:45:28] [core-api] [logger-provider] error: SqliteError: NOT NULL constraint failed: temporary_user.password - (QueryFailedError) [file:  BetterSqlite3QueryRunner.query (/home/marco/PROJECTS/Private/WorkoutApp/packages/workout-server/src/driver/better-sqlite3/BetterSqlite3QueryRunner.ts:131:19)]
[2023-04-17 16:46:14] [core-api] [logger-provider] error: SqliteError: NOT NULL constraint failed: temporary_user.password - (QueryFailedError) [file:  BetterSqlite3QueryRunner.query (/home/marco/PROJECTS/Private/WorkoutApp/packages/workout-server/src/driver/better-sqlite3/BetterSqlite3QueryRunner.ts:131:19)]
[2023-04-17 16:46:17] [core-api] [logger-provider] error: SqliteError: NOT NULL constraint failed: temporary_user.password - (QueryFailedError) [file:  BetterSqlite3QueryRunner.query (/home/marco/PROJECTS/Private/WorkoutApp/packages/workout-server/src/driver/better-sqlite3/BetterSqlite3QueryRunner.ts:131:19)]
[2023-04-17 16:46:37] [core-api] [logger-provider] error: SqliteError: NOT NULL constraint failed: temporary_user.password - (QueryFailedError) [file:  BetterSqlite3QueryRunner.query (/home/marco/PROJECTS/Private/WorkoutApp/packages/workout-server/src/driver/better-sqlite3/BetterSqlite3QueryRunner.ts:131:19)]
[2023-04-17 16:47:15] [core-api] [logger-provider] error: SqliteError: NOT NULL constraint failed: temporary_user.password - (QueryFailedError) [file:  BetterSqlite3QueryRunner.query (/home/marco/PROJECTS/Private/WorkoutApp/packages/workout-server/src/driver/better-sqlite3/BetterSqlite3QueryRunner.ts:131:19)]
[2023-04-17 16:47:24] [core-api] [logger-provider] error: SqliteError: NOT NULL constraint failed: temporary_user.password - (QueryFailedError) [file:  BetterSqlite3QueryRunner.query (/home/marco/PROJECTS/Private/WorkoutApp/packages/workout-server/src/driver/better-sqlite3/BetterSqlite3QueryRunner.ts:131:19)]
[2023-04-17 16:49:41] [core-api] [logger-provider] error: SqliteError: NOT NULL constraint failed: temporary_user.password - (QueryFailedError) [file:  BetterSqlite3QueryRunner.query (/home/marco/PROJECTS/Private/WorkoutApp/packages/workout-server/src/driver/better-sqlite3/BetterSqlite3QueryRunner.ts:131:19)]
[2023-04-17 17:14:18] [core-api] [service-undefined] error: no such column: NaN - (SqliteError) [file:  Database.prepare (/home/marco/PROJECTS/Private/WorkoutApp/packages/workout-server/node_modules/better-sqlite3/lib/methods/wrappers.js:5:21)]
[2023-04-17 20:28:28] [core-api] [service-undefined] error: Invalid password - (Error) [file:  LoginUseCase.execute (/home/marco/PROJECTS/Private/WorkoutApp/packages/workout-server/src/useCases/login/login.usecase.ts:25:15)]
[2023-04-17 20:29:01] [core-api] [service-undefined] error: User not found - (Error) [file:  LoginUseCase.execute (/home/marco/PROJECTS/Private/WorkoutApp/packages/workout-server/src/useCases/login/login.usecase.ts:15:15)]
